Using pre-set license
Built from '2021.2/staging' branch; Version is '2021.2.14f1 (bcb93e5482d2) revision 12368190'; Using compiler version '192829333'; Build Type 'Release'
OS: 'Windows 10  (10.0.19044) 64bit Core' Language: 'en' Physical Memory: 16282 MB
BatchMode: 1, IsHumanControllingUs: 0, StartBugReporterOnCrash: 0, Is64bit: 1, IsPro: 1

COMMAND LINE ARGUMENTS:
C:\Program Files\Unity\Hub\Editor\2021.2.14f1\Editor\Unity.exe
-adb2
-batchMode
-noUpm
-name
AssetImportWorker0
-projectPath
C:/Users/ce/Repos/HowToDrawATriangle
-logFile
Logs/AssetImportWorker0.log
-srvPort
60339
Successfully changed project path to: C:/Users/ce/Repos/HowToDrawATriangle
C:/Users/ce/Repos/HowToDrawATriangle
[UnityMemory] Configuration Parameters - Can be set up in boot.config
    "memorysetup-bucket-allocator-granularity=16"
    "memorysetup-bucket-allocator-bucket-count=8"
    "memorysetup-bucket-allocator-block-size=33554432"
    "memorysetup-bucket-allocator-block-count=8"
    "memorysetup-main-allocator-block-size=16777216"
    "memorysetup-thread-allocator-block-size=16777216"
    "memorysetup-gfx-main-allocator-block-size=16777216"
    "memorysetup-gfx-thread-allocator-block-size=16777216"
    "memorysetup-cache-allocator-block-size=4194304"
    "memorysetup-typetree-allocator-block-size=2097152"
    "memorysetup-profiler-bucket-allocator-granularity=16"
    "memorysetup-profiler-bucket-allocator-bucket-count=8"
    "memorysetup-profiler-bucket-allocator-block-size=33554432"
    "memorysetup-profiler-bucket-allocator-block-count=8"
    "memorysetup-profiler-allocator-block-size=16777216"
    "memorysetup-profiler-editor-allocator-block-size=1048576"
    "memorysetup-temp-allocator-size-main=16777216"
    "memorysetup-job-temp-allocator-block-size=2097152"
    "memorysetup-job-temp-allocator-block-size-background=1048576"
    "memorysetup-job-temp-allocator-reduction-small-platforms=262144"
    "memorysetup-temp-allocator-size-background-worker=32768"
    "memorysetup-temp-allocator-size-job-worker=262144"
    "memorysetup-temp-allocator-size-preload-manager=33554432"
    "memorysetup-temp-allocator-size-nav-mesh-worker=65536"
    "memorysetup-temp-allocator-size-audio-worker=65536"
    "memorysetup-temp-allocator-size-cloud-worker=32768"
    "memorysetup-temp-allocator-size-gi-baking-worker=262144"
    "memorysetup-temp-allocator-size-gfx=262144"
Refreshing native plugins compatible for Editor in 70.03 ms, found 0 plugins.
Preloading 0 native plugins for Editor in 0.00 ms.
Initialize engine version: 2021.2.14f1 (bcb93e5482d2)
[Subsystems] Discovering subsystems at path C:/Program Files/Unity/Hub/Editor/2021.2.14f1/Editor/Data/Resources/UnitySubsystems
[Subsystems] Discovering subsystems at path C:/Users/ce/Repos/HowToDrawATriangle/Assets
GfxDevice: creating device client; threaded=0; jobified=0
Direct3D:
    Version:  Direct3D 11.0 [level 11.1]
    Renderer: NVIDIA GeForce RTX 2080 with Max-Q Design (ID=0x1e90)
    Vendor:   NVIDIA
    VRAM:     8010 MB
    Driver:   30.0.14.7141
Initialize mono
Mono path[0] = 'C:/Program Files/Unity/Hub/Editor/2021.2.14f1/Editor/Data/Managed'
Mono path[1] = 'C:/Program Files/Unity/Hub/Editor/2021.2.14f1/Editor/Data/MonoBleedingEdge/lib/mono/unityjit-win32'
Mono config path = 'C:/Program Files/Unity/Hub/Editor/2021.2.14f1/Editor/Data/MonoBleedingEdge/etc'
Using monoOptions --debugger-agent=transport=dt_socket,embedding=1,server=y,suspend=n,address=127.0.0.1:56300
Begin MonoManager ReloadAssembly
Registering precompiled unity dll's ...
Register platform support module: C:/Program Files/Unity/Hub/Editor/2021.2.14f1/Editor/Data/PlaybackEngines/AndroidPlayer/UnityEditor.Android.Extensions.dll
Register platform support module: C:/Program Files/Unity/Hub/Editor/2021.2.14f1/Editor/Data/PlaybackEngines/WindowsStandaloneSupport/UnityEditor.WindowsStandalone.Extensions.dll
Registered in 0.009201 seconds.
Native extension for WindowsStandalone target not found
Native extension for Android target not found
Refreshing native plugins compatible for Editor in 68.42 ms, found 0 plugins.
Preloading 0 native plugins for Editor in 0.00 ms.
Mono: successfully reloaded assembly
- Completed reload, in  0.656 seconds
Domain Reload Profiling:
	ReloadAssembly (657ms)
		BeginReloadAssembly (86ms)
			ExecutionOrderSort (0ms)
			DisableScriptedObjects (0ms)
			BackupInstance (0ms)
			ReleaseScriptingObjects (0ms)
			CreateAndSetChildDomain (1ms)
		EndReloadAssembly (453ms)
			LoadAssemblies (83ms)
			RebuildTransferFunctionScriptingTraits (0ms)
			SetupTypeCache (107ms)
			ReleaseScriptCaches (0ms)
			RebuildScriptCaches (27ms)
			SetupLoadedEditorAssemblies (268ms)
				LogAssemblyErrors (0ms)
				InitializePlatformSupportModulesInManaged (54ms)
				SetLoadedEditorAssemblies (0ms)
				RefreshPlugins (69ms)
				BeforeProcessingInitializeOnLoad (1ms)
				ProcessInitializeOnLoadAttributes (101ms)
				ProcessInitializeOnLoadMethodAttributes (43ms)
				AfterProcessingInitializeOnLoad (0ms)
				EditorAssembliesLoaded (0ms)
			ExecutionOrderSort2 (0ms)
			AwakeInstancesAfterBackupRestoration (0ms)
Platform modules already initialized, skipping
Registering precompiled user dll's ...
Registered in 0.002892 seconds.
Android Extension - Scanning For ADB Devices 704 ms
Begin MonoManager ReloadAssembly
Native extension for WindowsStandalone target not found
Native extension for Android target not found
Refreshing native plugins compatible for Editor in 77.98 ms, found 0 plugins.
Preloading 0 native plugins for Editor in 0.00 ms.
Mono: successfully reloaded assembly
- Completed reload, in  1.564 seconds
Domain Reload Profiling:
	ReloadAssembly (1565ms)
		BeginReloadAssembly (117ms)
			ExecutionOrderSort (0ms)
			DisableScriptedObjects (5ms)
			BackupInstance (0ms)
			ReleaseScriptingObjects (0ms)
			CreateAndSetChildDomain (21ms)
		EndReloadAssembly (1327ms)
			LoadAssemblies (83ms)
			RebuildTransferFunctionScriptingTraits (0ms)
			SetupTypeCache (209ms)
			ReleaseScriptCaches (1ms)
			RebuildScriptCaches (73ms)
			SetupLoadedEditorAssemblies (916ms)
				LogAssemblyErrors (0ms)
				InitializePlatformSupportModulesInManaged (14ms)
				SetLoadedEditorAssemblies (0ms)
				RefreshPlugins (78ms)
				BeforeProcessingInitializeOnLoad (84ms)
				ProcessInitializeOnLoadAttributes (698ms)
				ProcessInitializeOnLoadMethodAttributes (32ms)
				AfterProcessingInitializeOnLoad (10ms)
				EditorAssembliesLoaded (0ms)
			ExecutionOrderSort2 (0ms)
			AwakeInstancesAfterBackupRestoration (10ms)
Platform modules already initialized, skipping
========================================================================
Worker process is ready to serve import requests
Launched and connected shader compiler UnityShaderCompiler.exe after 0.07 seconds
Refreshing native plugins compatible for Editor in 1.31 ms, found 0 plugins.
Preloading 0 native plugins for Editor in 0.00 ms.
Unloading 3741 Unused Serialized files (Serialized files now loaded: 0)
Unloading 131 unused Assets / (11.8 MB). Loaded Objects now: 4097.
Memory consumption went from 213.3 MB to 201.5 MB.
Total: 5.018800 ms (FindLiveObjects: 0.312000 ms CreateObjectMapping: 0.239600 ms MarkObjects: 2.611500 ms  DeleteObjects: 1.854700 ms)

AssetImportParameters requested are different than current active one (requested -> active):
  custom:video-decoder-ogg-theora: a1e56fd34408186e4bbccfd4996cb3dc -> 
  custom:container-muxer-webm: aa71ff27fc2769a1b78a27578f13a17b -> 
  custom:container-demuxer-webm: 4f35f7cbe854078d1ac9338744f61a02 -> 
  custom:video-encoder-webm-vp8: eb34c28f22e8b96e1ab97ce403110664 -> 
  custom:audio-encoder-webm-vorbis: bf7c407c2cedff20999df2af8eb42d56 -> 
  custom:framework-win-MediaFoundation: 216162199b28c13a410421893ffa2e32 -> 
  custom:container-demuxer-ogg: 62fdf1f143b41e24485cea50d1cbac27 -> 
  custom:video-decoder-webm-vp8: 9c59270c3fd7afecdb556c50c9e8de78 -> 
  custom:audio-decoder-ogg-vorbis: bf7c407c2cedff20999df2af8eb42d56 -> 
========================================================================
Received Import Request.
  Time since last request: 8425.481581 seconds.
  path: Assets/04 Mesh
  artifactKey: Guid(5228b90d661104fb4afc3675240c8b8b) Importer(815301076,1909f56bfc062723c751e8b465ee728b)
Start importing Assets/04 Mesh using Guid(5228b90d661104fb4afc3675240c8b8b) Importer(815301076,1909f56bfc062723c751e8b465ee728b)  -> (artifact id: 'f37e2d03b39050b062691635f8572beb') in 0.010467 seconds 
========================================================================
Received Import Request.
  Time since last request: 27.504603 seconds.
  path: Assets/04 Mesh/MeshAdvancedDemo.cs
  artifactKey: Guid(8253bcfc63e4e524296972a47e926411) Importer(815301076,1909f56bfc062723c751e8b465ee728b)
Start importing Assets/04 Mesh/MeshAdvancedDemo.cs using Guid(8253bcfc63e4e524296972a47e926411) Importer(815301076,1909f56bfc062723c751e8b465ee728b)  -> (artifact id: '5b0a8ff3567e5c520e330ba9a56ae590') in 0.018866 seconds 
========================================================================
Received Import Request.
  Time since last request: 181.259755 seconds.
  path: Assets/99 Packages - HDRP Custom Pass
  artifactKey: Guid(8a34fa5a35176c44a94838a0f3dc31b9) Importer(815301076,1909f56bfc062723c751e8b465ee728b)
Start importing Assets/99 Packages - HDRP Custom Pass using Guid(8a34fa5a35176c44a94838a0f3dc31b9) Importer(815301076,1909f56bfc062723c751e8b465ee728b)  -> (artifact id: '2b76a17753a4de4560f98017756144b0') in 0.006594 seconds 
========================================================================
Received Import Request.
  Time since last request: 3.861951 seconds.
  path: Assets
  artifactKey: Guid(00000000000000001000000000000000) Importer(815301076,1909f56bfc062723c751e8b465ee728b)
Start importing Assets using Guid(00000000000000001000000000000000) Importer(815301076,1909f56bfc062723c751e8b465ee728b)  -> (artifact id: '79842766b460edbeab6a34051e857a80') in 0.005301 seconds 
========================================================================
Received Import Request.
  Time since last request: 49.317966 seconds.
  path: Assets/08 Mesh + GraphicsBuffer
  artifactKey: Guid(98855a199aebc6b46ad1fcefde90cb7e) Importer(815301076,1909f56bfc062723c751e8b465ee728b)
Start importing Assets/08 Mesh + GraphicsBuffer using Guid(98855a199aebc6b46ad1fcefde90cb7e) Importer(815301076,1909f56bfc062723c751e8b465ee728b)  -> (artifact id: 'b417c88360d3f50ac487320c2dc2da0e') in 0.006459 seconds 
========================================================================
Received Import Request.
  Time since last request: 20.745195 seconds.
  path: Assets/05 Graphics.DrawProceduralNow/DrawProceduralNowDemo.cs
  artifactKey: Guid(e009f94332ddd4a8facf80f43e8a2cf4) Importer(815301076,1909f56bfc062723c751e8b465ee728b)
Start importing Assets/05 Graphics.DrawProceduralNow/DrawProceduralNowDemo.cs using Guid(e009f94332ddd4a8facf80f43e8a2cf4) Importer(815301076,1909f56bfc062723c751e8b465ee728b)  -> (artifact id: '12937436793f38e612600d08a549cf71') in 0.005756 seconds 
========================================================================
Received Import Request.
  Time since last request: 34.091898 seconds.
  path: Assets/05 Graphics.DrawProceduralNow/Resources
  artifactKey: Guid(1f4caeb2227cc4f99b861a5f914aebb8) Importer(815301076,1909f56bfc062723c751e8b465ee728b)
Start importing Assets/05 Graphics.DrawProceduralNow/Resources using Guid(1f4caeb2227cc4f99b861a5f914aebb8) Importer(815301076,1909f56bfc062723c751e8b465ee728b)  -> (artifact id: 'e85d30c2c545a49bfdba7d295309ab3c') in 0.005095 seconds 
========================================================================
Received Import Request.
  Time since last request: 191.854707 seconds.
  path: Assets/Deprecated
  artifactKey: Guid(be049ca4b5d9d564e9e3e6829da4edc2) Importer(815301076,1909f56bfc062723c751e8b465ee728b)
Start importing Assets/Deprecated using Guid(be049ca4b5d9d564e9e3e6829da4edc2) Importer(815301076,1909f56bfc062723c751e8b465ee728b)  -> (artifact id: '5db795f70252247e51702fa5c2568154') in 0.006128 seconds 
========================================================================
Received Import Request.
  Time since last request: 8.231409 seconds.
  path: Assets/Graphics.DrawProceduralIndirectNow + GraphicsBufferIndicies
  artifactKey: Guid(0bda581e6259c4416b39ff37cfd6afef) Importer(815301076,1909f56bfc062723c751e8b465ee728b)
Start importing Assets/Graphics.DrawProceduralIndirectNow + GraphicsBufferIndicies using Guid(0bda581e6259c4416b39ff37cfd6afef) Importer(815301076,1909f56bfc062723c751e8b465ee728b)  -> (artifact id: '86895dff9384e7fd2755b3a6c14d8213') in 0.005811 seconds 
========================================================================
Received Prepare
Registering precompiled user dll's ...
Registered in 0.004385 seconds.
Begin MonoManager ReloadAssembly
Native extension for WindowsStandalone target not found
Native extension for Android target not found
Refreshing native plugins compatible for Editor in 0.55 ms, found 0 plugins.
Preloading 0 native plugins for Editor in 0.00 ms.
Mono: successfully reloaded assembly
- Completed reload, in  1.164 seconds
Domain Reload Profiling:
	ReloadAssembly (1165ms)
		BeginReloadAssembly (162ms)
			ExecutionOrderSort (0ms)
			DisableScriptedObjects (8ms)
			BackupInstance (0ms)
			ReleaseScriptingObjects (0ms)
			CreateAndSetChildDomain (36ms)
		EndReloadAssembly (869ms)
			LoadAssemblies (113ms)
			RebuildTransferFunctionScriptingTraits (0ms)
			SetupTypeCache (211ms)
			ReleaseScriptCaches (2ms)
			RebuildScriptCaches (68ms)
			SetupLoadedEditorAssemblies (463ms)
				LogAssemblyErrors (0ms)
				InitializePlatformSupportModulesInManaged (22ms)
				SetLoadedEditorAssemblies (0ms)
				RefreshPlugins (1ms)
				BeforeProcessingInitializeOnLoad (91ms)
				ProcessInitializeOnLoadAttributes (313ms)
				ProcessInitializeOnLoadMethodAttributes (27ms)
				AfterProcessingInitializeOnLoad (9ms)
				EditorAssembliesLoaded (0ms)
			ExecutionOrderSort2 (0ms)
			AwakeInstancesAfterBackupRestoration (8ms)
Platform modules already initialized, skipping
Refreshing native plugins compatible for Editor in 0.97 ms, found 0 plugins.
Preloading 0 native plugins for Editor in 0.00 ms.
Unloading 3569 Unused Serialized files (Serialized files now loaded: 0)
Unloading 125 unused Assets / (11.8 MB). Loaded Objects now: 4099.
Memory consumption went from 196.9 MB to 185.0 MB.
Total: 5.320300 ms (FindLiveObjects: 0.299800 ms CreateObjectMapping: 0.183700 ms MarkObjects: 2.758200 ms  DeleteObjects: 2.077300 ms)

AssetImportParameters requested are different than current active one (requested -> active):
  custom:video-decoder-ogg-theora: a1e56fd34408186e4bbccfd4996cb3dc -> 
  custom:container-muxer-webm: aa71ff27fc2769a1b78a27578f13a17b -> 
  custom:container-demuxer-webm: 4f35f7cbe854078d1ac9338744f61a02 -> 
  custom:video-encoder-webm-vp8: eb34c28f22e8b96e1ab97ce403110664 -> 
  custom:audio-encoder-webm-vorbis: bf7c407c2cedff20999df2af8eb42d56 -> 
  custom:framework-win-MediaFoundation: 216162199b28c13a410421893ffa2e32 -> 
  custom:container-demuxer-ogg: 62fdf1f143b41e24485cea50d1cbac27 -> 
  custom:video-decoder-webm-vp8: 9c59270c3fd7afecdb556c50c9e8de78 -> 
  custom:audio-decoder-ogg-vorbis: bf7c407c2cedff20999df2af8eb42d56 -> 
========================================================================
Received Import Request.
  Time since last request: 9.516351 seconds.
  path: Assets/06 Graphics.DrawProceduralIndirectNow/DrawProceduralIndirectNowDemo.unity
  artifactKey: Guid(785742bd615d54badb389eeeb8e2b007) Importer(815301076,1909f56bfc062723c751e8b465ee728b)
Start importing Assets/06 Graphics.DrawProceduralIndirectNow/DrawProceduralIndirectNowDemo.unity using Guid(785742bd615d54badb389eeeb8e2b007) Importer(815301076,1909f56bfc062723c751e8b465ee728b)  -> (artifact id: 'ee2d52383605128657fa5cc5dc8e7267') in 0.010271 seconds 
========================================================================
Received Import Request.
  Time since last request: 5.706525 seconds.
  path: Assets/06 Graphics.DrawProceduralIndirectNow/DrawProceduralIndirectNowDemo.cs
  artifactKey: Guid(494655cfd24e24f6f8c922e4f091a599) Importer(815301076,1909f56bfc062723c751e8b465ee728b)
Start importing Assets/06 Graphics.DrawProceduralIndirectNow/DrawProceduralIndirectNowDemo.cs using Guid(494655cfd24e24f6f8c922e4f091a599) Importer(815301076,1909f56bfc062723c751e8b465ee728b)  -> (artifact id: '571a9e4bb613c42aa3b86fa1cd42d40d') in 0.005071 seconds 
========================================================================
Received Import Request.
  Time since last request: 19.873292 seconds.
  path: Assets/08 Mesh + GraphicsBuffer/DrawProceduralIndirectNowDemo 1.unity
  artifactKey: Guid(9100ef039a8e58e42b78a67371cd138e) Importer(815301076,1909f56bfc062723c751e8b465ee728b)
Start importing Assets/08 Mesh + GraphicsBuffer/DrawProceduralIndirectNowDemo 1.unity using Guid(9100ef039a8e58e42b78a67371cd138e) Importer(815301076,1909f56bfc062723c751e8b465ee728b)  -> (artifact id: '65c49f642b6912ff972892acb5f845ef') in 0.005243 seconds 
========================================================================
Received Import Request.
  Time since last request: 17.035356 seconds.
  path: Assets/08 Mesh + GraphicsBuffer/DrawMeshGraphicsBufferDemo.unity
  artifactKey: Guid(9100ef039a8e58e42b78a67371cd138e) Importer(815301076,1909f56bfc062723c751e8b465ee728b)
Start importing Assets/08 Mesh + GraphicsBuffer/DrawMeshGraphicsBufferDemo.unity using Guid(9100ef039a8e58e42b78a67371cd138e) Importer(815301076,1909f56bfc062723c751e8b465ee728b)  -> (artifact id: '26f842682323dc79136128441007be56') in 0.006518 seconds 
========================================================================
Received Import Request.
  Time since last request: 0.456972 seconds.
  path: Assets/08 Mesh + GraphicsBuffer/DrawProceduralIndirectNowDemo1.cs
  artifactKey: Guid(9aa29d32105d11b41b77e5fbb58c4daa) Importer(815301076,1909f56bfc062723c751e8b465ee728b)
Start importing Assets/08 Mesh + GraphicsBuffer/DrawProceduralIndirectNowDemo1.cs using Guid(9aa29d32105d11b41b77e5fbb58c4daa) Importer(815301076,1909f56bfc062723c751e8b465ee728b)  -> (artifact id: '6989a1b3bc9de82427f5d13859710997') in 0.005465 seconds 
========================================================================
Received Import Request.
  Time since last request: 1.702165 seconds.
  path: Assets/08 Mesh + GraphicsBuffer/DrawMeshGraphicsBufferDemo.cs
  artifactKey: Guid(9aa29d32105d11b41b77e5fbb58c4daa) Importer(815301076,1909f56bfc062723c751e8b465ee728b)
Start importing Assets/08 Mesh + GraphicsBuffer/DrawMeshGraphicsBufferDemo.cs using Guid(9aa29d32105d11b41b77e5fbb58c4daa) Importer(815301076,1909f56bfc062723c751e8b465ee728b)  -> (artifact id: 'b1fd316615606a4af8e8f93bcc48d3b8') in 0.006100 seconds 
========================================================================
Received Import Request.
  Time since last request: 12.639248 seconds.
  path: Assets/08 Mesh + GraphicsBuffer/DrawMeshGraphicsBufferDemo.cs
  artifactKey: Guid(9aa29d32105d11b41b77e5fbb58c4daa) Importer(815301076,1909f56bfc062723c751e8b465ee728b)
Start importing Assets/08 Mesh + GraphicsBuffer/DrawMeshGraphicsBufferDemo.cs using Guid(9aa29d32105d11b41b77e5fbb58c4daa) Importer(815301076,1909f56bfc062723c751e8b465ee728b)  -> (artifact id: 'a8d614bdc32cba86d5b86e69050759d2') in 0.002771 seconds 
========================================================================
Received Prepare
Registering precompiled user dll's ...
Registered in 0.003189 seconds.
Begin MonoManager ReloadAssembly
Native extension for WindowsStandalone target not found
Native extension for Android target not found
Refreshing native plugins compatible for Editor in 0.60 ms, found 0 plugins.
Preloading 0 native plugins for Editor in 0.00 ms.
Mono: successfully reloaded assembly
- Completed reload, in  1.318 seconds
Domain Reload Profiling:
	ReloadAssembly (1318ms)
		BeginReloadAssembly (184ms)
			ExecutionOrderSort (0ms)
			DisableScriptedObjects (7ms)
			BackupInstance (0ms)
			ReleaseScriptingObjects (0ms)
			CreateAndSetChildDomain (43ms)
		EndReloadAssembly (986ms)
			LoadAssemblies (129ms)
			RebuildTransferFunctionScriptingTraits (0ms)
			SetupTypeCache (254ms)
			ReleaseScriptCaches (2ms)
			RebuildScriptCaches (81ms)
			SetupLoadedEditorAssemblies (506ms)
				LogAssemblyErrors (0ms)
				InitializePlatformSupportModulesInManaged (24ms)
				SetLoadedEditorAssemblies (0ms)
				RefreshPlugins (1ms)
				BeforeProcessingInitializeOnLoad (95ms)
				ProcessInitializeOnLoadAttributes (338ms)
				ProcessInitializeOnLoadMethodAttributes (36ms)
				AfterProcessingInitializeOnLoad (12ms)
				EditorAssembliesLoaded (0ms)
			ExecutionOrderSort2 (0ms)
			AwakeInstancesAfterBackupRestoration (10ms)
Platform modules already initialized, skipping
Refreshing native plugins compatible for Editor in 1.09 ms, found 0 plugins.
Preloading 0 native plugins for Editor in 0.00 ms.
Unloading 3570 Unused Serialized files (Serialized files now loaded: 0)
Unloading 125 unused Assets / (11.8 MB). Loaded Objects now: 4102.
Memory consumption went from 197.0 MB to 185.2 MB.
Total: 5.993300 ms (FindLiveObjects: 0.334700 ms CreateObjectMapping: 0.219200 ms MarkObjects: 3.350700 ms  DeleteObjects: 2.087600 ms)

AssetImportParameters requested are different than current active one (requested -> active):
  custom:video-decoder-ogg-theora: a1e56fd34408186e4bbccfd4996cb3dc -> 
  custom:container-muxer-webm: aa71ff27fc2769a1b78a27578f13a17b -> 
  custom:container-demuxer-webm: 4f35f7cbe854078d1ac9338744f61a02 -> 
  custom:video-encoder-webm-vp8: eb34c28f22e8b96e1ab97ce403110664 -> 
  custom:audio-encoder-webm-vorbis: bf7c407c2cedff20999df2af8eb42d56 -> 
  custom:framework-win-MediaFoundation: 216162199b28c13a410421893ffa2e32 -> 
  custom:container-demuxer-ogg: 62fdf1f143b41e24485cea50d1cbac27 -> 
  custom:video-decoder-webm-vp8: 9c59270c3fd7afecdb556c50c9e8de78 -> 
  custom:audio-decoder-ogg-vorbis: bf7c407c2cedff20999df2af8eb42d56 -> 
========================================================================
Received Import Request.
  Time since last request: 42.376975 seconds.
  path: Assets/01 Gizmos/GizmosDemo.unity
  artifactKey: Guid(416883651c3e3485c866d34cd54009ea) Importer(815301076,1909f56bfc062723c751e8b465ee728b)
Start importing Assets/01 Gizmos/GizmosDemo.unity using Guid(416883651c3e3485c866d34cd54009ea) Importer(815301076,1909f56bfc062723c751e8b465ee728b)  -> (artifact id: '82d734e47a6bcd3c124c94bcf24f3cb2') in 0.012459 seconds 
========================================================================
Received Import Request.
  Time since last request: 1.115468 seconds.
  path: Assets/01 Gizmos/GizmosDemo.cs
  artifactKey: Guid(dbeb12639a30a48ed9121065b9da5522) Importer(815301076,1909f56bfc062723c751e8b465ee728b)
Start importing Assets/01 Gizmos/GizmosDemo.cs using Guid(dbeb12639a30a48ed9121065b9da5522) Importer(815301076,1909f56bfc062723c751e8b465ee728b)  -> (artifact id: 'b3657bca69c09ec9227c21dc06867414') in 0.005664 seconds 
========================================================================
Received Import Request.
  Time since last request: 23.452166 seconds.
  path: Assets/06 Graphics.DrawProceduralIndirectNow/Resources
  artifactKey: Guid(1bf7d97068c094d9f890f9d942be736c) Importer(815301076,1909f56bfc062723c751e8b465ee728b)
Start importing Assets/06 Graphics.DrawProceduralIndirectNow/Resources using Guid(1bf7d97068c094d9f890f9d942be736c) Importer(815301076,1909f56bfc062723c751e8b465ee728b)  -> (artifact id: '2edd5c151902793470c3087862d27a87') in 0.003088 seconds 
========================================================================
Received Import Request.
  Time since last request: 21.114435 seconds.
  path: Assets/08 Mesh + GraphicsBuffer/Resources
  artifactKey: Guid(c65c1c08e4bb96346b82fc54547cc580) Importer(815301076,1909f56bfc062723c751e8b465ee728b)
Start importing Assets/08 Mesh + GraphicsBuffer/Resources using Guid(c65c1c08e4bb96346b82fc54547cc580) Importer(815301076,1909f56bfc062723c751e8b465ee728b)  -> (artifact id: '1ca6a3561923007b712216fda1b6d867') in 0.002106 seconds 
========================================================================
Received Import Request.
  Time since last request: 2.117587 seconds.
  path: Assets/06 Graphics.DrawProceduralIndirectNow/Resources/DrawProceduralIndirectNowDemo.compute
  artifactKey: Guid(7f0e1c38619f0451eaf77bc0c372319f) Importer(815301076,1909f56bfc062723c751e8b465ee728b)
Start importing Assets/06 Graphics.DrawProceduralIndirectNow/Resources/DrawProceduralIndirectNowDemo.compute using Guid(7f0e1c38619f0451eaf77bc0c372319f) Importer(815301076,1909f56bfc062723c751e8b465ee728b)  -> (artifact id: '76e7e7ff741e35decdd059923d6315e9') in 0.034599 seconds 
========================================================================
Received Import Request.
  Time since last request: 1.639927 seconds.
  path: Assets/06 Graphics.DrawProceduralIndirectNow/Resources/DrawProceduralIndirectNowDemo 1.compute
  artifactKey: Guid(46fc42ca2c9e9314db345ccc1a7747eb) Importer(815301076,1909f56bfc062723c751e8b465ee728b)
Start importing Assets/06 Graphics.DrawProceduralIndirectNow/Resources/DrawProceduralIndirectNowDemo 1.compute using Guid(46fc42ca2c9e9314db345ccc1a7747eb) Importer(815301076,1909f56bfc062723c751e8b465ee728b)  -> (artifact id: '85c6ebd82308327b025b1b694723942a') in 0.007883 seconds 
========================================================================
Received Prepare
Registering precompiled user dll's ...
Registered in 0.003233 seconds.
Begin MonoManager ReloadAssembly
Native extension for WindowsStandalone target not found
Native extension for Android target not found
Refreshing native plugins compatible for Editor in 0.62 ms, found 0 plugins.
Preloading 0 native plugins for Editor in 0.00 ms.
Mono: successfully reloaded assembly
- Completed reload, in  1.121 seconds
Domain Reload Profiling:
	ReloadAssembly (1122ms)
		BeginReloadAssembly (152ms)
			ExecutionOrderSort (0ms)
			DisableScriptedObjects (8ms)
			BackupInstance (0ms)
			ReleaseScriptingObjects (0ms)
			CreateAndSetChildDomain (38ms)
		EndReloadAssembly (855ms)
			LoadAssemblies (97ms)
			RebuildTransferFunctionScriptingTraits (0ms)
			SetupTypeCache (212ms)
			ReleaseScriptCaches (2ms)
			RebuildScriptCaches (69ms)
			SetupLoadedEditorAssemblies (449ms)
				LogAssemblyErrors (0ms)
				InitializePlatformSupportModulesInManaged (21ms)
				SetLoadedEditorAssemblies (0ms)
				RefreshPlugins (1ms)
				BeforeProcessingInitializeOnLoad (86ms)
				ProcessInitializeOnLoadAttributes (304ms)
				ProcessInitializeOnLoadMethodAttributes (26ms)
				AfterProcessingInitializeOnLoad (11ms)
				EditorAssembliesLoaded (0ms)
			ExecutionOrderSort2 (0ms)
			AwakeInstancesAfterBackupRestoration (10ms)
Platform modules already initialized, skipping
Refreshing native plugins compatible for Editor in 1.32 ms, found 0 plugins.
Preloading 0 native plugins for Editor in 0.00 ms.
Unloading 3571 Unused Serialized files (Serialized files now loaded: 0)
Unloading 126 unused Assets / (11.9 MB). Loaded Objects now: 4104.
Memory consumption went from 197.2 MB to 185.3 MB.
Total: 4.816200 ms (FindLiveObjects: 0.307500 ms CreateObjectMapping: 0.169600 ms MarkObjects: 2.566000 ms  DeleteObjects: 1.772100 ms)

AssetImportParameters requested are different than current active one (requested -> active):
  custom:video-decoder-ogg-theora: a1e56fd34408186e4bbccfd4996cb3dc -> 
  custom:container-muxer-webm: aa71ff27fc2769a1b78a27578f13a17b -> 
  custom:container-demuxer-webm: 4f35f7cbe854078d1ac9338744f61a02 -> 
  custom:video-encoder-webm-vp8: eb34c28f22e8b96e1ab97ce403110664 -> 
  custom:audio-encoder-webm-vorbis: bf7c407c2cedff20999df2af8eb42d56 -> 
  custom:framework-win-MediaFoundation: 216162199b28c13a410421893ffa2e32 -> 
  custom:container-demuxer-ogg: 62fdf1f143b41e24485cea50d1cbac27 -> 
  custom:video-decoder-webm-vp8: 9c59270c3fd7afecdb556c50c9e8de78 -> 
  custom:audio-decoder-ogg-vorbis: bf7c407c2cedff20999df2af8eb42d56 -> 
========================================================================
Received Import Request.
  Time since last request: 69.155500 seconds.
  path: Assets/08 Mesh + GraphicsBuffer/Resources/DrawMeshGraphicsBufferDemo.compute
  artifactKey: Guid(46fc42ca2c9e9314db345ccc1a7747eb) Importer(815301076,1909f56bfc062723c751e8b465ee728b)
Start importing Assets/08 Mesh + GraphicsBuffer/Resources/DrawMeshGraphicsBufferDemo.compute using Guid(46fc42ca2c9e9314db345ccc1a7747eb) Importer(815301076,1909f56bfc062723c751e8b465ee728b)  -> (artifact id: 'd80ff5f87277624524ee51fb5484248f') in 0.026742 seconds 
========================================================================
Received Prepare
Registering precompiled user dll's ...
Registered in 0.004736 seconds.
Begin MonoManager ReloadAssembly
Native extension for WindowsStandalone target not found
Native extension for Android target not found
Refreshing native plugins compatible for Editor in 0.65 ms, found 0 plugins.
Preloading 0 native plugins for Editor in 0.00 ms.
Mono: successfully reloaded assembly
- Completed reload, in  1.364 seconds
Domain Reload Profiling:
	ReloadAssembly (1365ms)
		BeginReloadAssembly (141ms)
			ExecutionOrderSort (0ms)
			DisableScriptedObjects (6ms)
			BackupInstance (0ms)
			ReleaseScriptingObjects (0ms)
			CreateAndSetChildDomain (36ms)
		EndReloadAssembly (1112ms)
			LoadAssemblies (86ms)
			RebuildTransferFunctionScriptingTraits (0ms)
			SetupTypeCache (258ms)
			ReleaseScriptCaches (3ms)
			RebuildScriptCaches (101ms)
			SetupLoadedEditorAssemblies (597ms)
				LogAssemblyErrors (0ms)
				InitializePlatformSupportModulesInManaged (30ms)
				SetLoadedEditorAssemblies (1ms)
				RefreshPlugins (1ms)
				BeforeProcessingInitializeOnLoad (111ms)
				ProcessInitializeOnLoadAttributes (408ms)
				ProcessInitializeOnLoadMethodAttributes (35ms)
				AfterProcessingInitializeOnLoad (12ms)
				EditorAssembliesLoaded (0ms)
			ExecutionOrderSort2 (0ms)
			AwakeInstancesAfterBackupRestoration (11ms)
Platform modules already initialized, skipping
Refreshing native plugins compatible for Editor in 1.36 ms, found 0 plugins.
Preloading 0 native plugins for Editor in 0.00 ms.
Unloading 3571 Unused Serialized files (Serialized files now loaded: 0)
Unloading 126 unused Assets / (11.9 MB). Loaded Objects now: 4106.
Memory consumption went from 197.2 MB to 185.3 MB.
Total: 6.928100 ms (FindLiveObjects: 0.401600 ms CreateObjectMapping: 0.354900 ms MarkObjects: 3.651000 ms  DeleteObjects: 2.519000 ms)

AssetImportParameters requested are different than current active one (requested -> active):
  custom:video-decoder-ogg-theora: a1e56fd34408186e4bbccfd4996cb3dc -> 
  custom:container-muxer-webm: aa71ff27fc2769a1b78a27578f13a17b -> 
  custom:container-demuxer-webm: 4f35f7cbe854078d1ac9338744f61a02 -> 
  custom:video-encoder-webm-vp8: eb34c28f22e8b96e1ab97ce403110664 -> 
  custom:audio-encoder-webm-vorbis: bf7c407c2cedff20999df2af8eb42d56 -> 
  custom:framework-win-MediaFoundation: 216162199b28c13a410421893ffa2e32 -> 
  custom:container-demuxer-ogg: 62fdf1f143b41e24485cea50d1cbac27 -> 
  custom:video-decoder-webm-vp8: 9c59270c3fd7afecdb556c50c9e8de78 -> 
  custom:audio-decoder-ogg-vorbis: bf7c407c2cedff20999df2af8eb42d56 -> 
========================================================================
Received Import Request.
  Time since last request: 30.308527 seconds.
  path: Assets/04 Mesh/MeshDemo.cs
  artifactKey: Guid(06fc29f8715724332b88e79d7a349db0) Importer(815301076,1909f56bfc062723c751e8b465ee728b)
Start importing Assets/04 Mesh/MeshDemo.cs using Guid(06fc29f8715724332b88e79d7a349db0) Importer(815301076,1909f56bfc062723c751e8b465ee728b)  -> (artifact id: '8e61c4588dceab0a84fad666b494930c') in 0.010578 seconds 
========================================================================
Received Import Request.
  Time since last request: 58.733070 seconds.
  path: Assets/04 Mesh/MeshDemo.cs
  artifactKey: Guid(06fc29f8715724332b88e79d7a349db0) Importer(815301076,1909f56bfc062723c751e8b465ee728b)
Start importing Assets/04 Mesh/MeshDemo.cs using Guid(06fc29f8715724332b88e79d7a349db0) Importer(815301076,1909f56bfc062723c751e8b465ee728b)  -> (artifact id: '6ad8e36cc19a46efc50c6e0c72b8fed4') in 0.002178 seconds 
========================================================================
Received Prepare
Registering precompiled user dll's ...
Registered in 0.002635 seconds.
Begin MonoManager ReloadAssembly
Native extension for WindowsStandalone target not found
Native extension for Android target not found
Refreshing native plugins compatible for Editor in 0.61 ms, found 0 plugins.
Preloading 0 native plugins for Editor in 0.00 ms.
Mono: successfully reloaded assembly
- Completed reload, in  1.175 seconds
Domain Reload Profiling:
	ReloadAssembly (1175ms)
		BeginReloadAssembly (158ms)
			ExecutionOrderSort (0ms)
			DisableScriptedObjects (7ms)
			BackupInstance (0ms)
			ReleaseScriptingObjects (0ms)
			CreateAndSetChildDomain (40ms)
		EndReloadAssembly (904ms)
			LoadAssemblies (99ms)
			RebuildTransferFunctionScriptingTraits (0ms)
			SetupTypeCache (223ms)
			ReleaseScriptCaches (2ms)
			RebuildScriptCaches (95ms)
			SetupLoadedEditorAssemblies (452ms)
				LogAssemblyErrors (0ms)
				InitializePlatformSupportModulesInManaged (31ms)
				SetLoadedEditorAssemblies (1ms)
				RefreshPlugins (1ms)
				BeforeProcessingInitializeOnLoad (80ms)
				ProcessInitializeOnLoadAttributes (304ms)
				ProcessInitializeOnLoadMethodAttributes (27ms)
				AfterProcessingInitializeOnLoad (9ms)
				EditorAssembliesLoaded (0ms)
			ExecutionOrderSort2 (0ms)
			AwakeInstancesAfterBackupRestoration (8ms)
Platform modules already initialized, skipping
Refreshing native plugins compatible for Editor in 0.97 ms, found 0 plugins.
Preloading 0 native plugins for Editor in 0.00 ms.
Unloading 3571 Unused Serialized files (Serialized files now loaded: 0)
Unloading 126 unused Assets / (11.9 MB). Loaded Objects now: 4108.
Memory consumption went from 197.2 MB to 185.3 MB.
Total: 4.871300 ms (FindLiveObjects: 0.276000 ms CreateObjectMapping: 0.152200 ms MarkObjects: 2.465400 ms  DeleteObjects: 1.976600 ms)

AssetImportParameters requested are different than current active one (requested -> active):
  custom:video-decoder-ogg-theora: a1e56fd34408186e4bbccfd4996cb3dc -> 
  custom:container-muxer-webm: aa71ff27fc2769a1b78a27578f13a17b -> 
  custom:container-demuxer-webm: 4f35f7cbe854078d1ac9338744f61a02 -> 
  custom:video-encoder-webm-vp8: eb34c28f22e8b96e1ab97ce403110664 -> 
  custom:audio-encoder-webm-vorbis: bf7c407c2cedff20999df2af8eb42d56 -> 
  custom:framework-win-MediaFoundation: 216162199b28c13a410421893ffa2e32 -> 
  custom:container-demuxer-ogg: 62fdf1f143b41e24485cea50d1cbac27 -> 
  custom:video-decoder-webm-vp8: 9c59270c3fd7afecdb556c50c9e8de78 -> 
  custom:audio-decoder-ogg-vorbis: bf7c407c2cedff20999df2af8eb42d56 -> 
========================================================================
Received Import Request.
  Time since last request: 42.725744 seconds.
  path: Assets/08 Mesh + GraphicsBuffer/DrawMeshGraphicsBufferDemo.unity
  artifactKey: Guid(9100ef039a8e58e42b78a67371cd138e) Importer(815301076,1909f56bfc062723c751e8b465ee728b)
Start importing Assets/08 Mesh + GraphicsBuffer/DrawMeshGraphicsBufferDemo.unity using Guid(9100ef039a8e58e42b78a67371cd138e) Importer(815301076,1909f56bfc062723c751e8b465ee728b)  -> (artifact id: '918c2ad361f7450890d4b9b912a43628') in 0.006981 seconds 
========================================================================
Received Prepare
Registering precompiled user dll's ...
Registered in 0.003162 seconds.
Begin MonoManager ReloadAssembly
Native extension for WindowsStandalone target not found
Native extension for Android target not found
Refreshing native plugins compatible for Editor in 0.66 ms, found 0 plugins.
Preloading 0 native plugins for Editor in 0.00 ms.
Mono: successfully reloaded assembly
- Completed reload, in  1.295 seconds
Domain Reload Profiling:
	ReloadAssembly (1296ms)
		BeginReloadAssembly (179ms)
			ExecutionOrderSort (0ms)
			DisableScriptedObjects (10ms)
			BackupInstance (0ms)
			ReleaseScriptingObjects (0ms)
			CreateAndSetChildDomain (46ms)
		EndReloadAssembly (972ms)
			LoadAssemblies (118ms)
			RebuildTransferFunctionScriptingTraits (0ms)
			SetupTypeCache (237ms)
			ReleaseScriptCaches (2ms)
			RebuildScriptCaches (80ms)
			SetupLoadedEditorAssemblies (515ms)
				LogAssemblyErrors (0ms)
				InitializePlatformSupportModulesInManaged (26ms)
				SetLoadedEditorAssemblies (1ms)
				RefreshPlugins (1ms)
				BeforeProcessingInitializeOnLoad (108ms)
				ProcessInitializeOnLoadAttributes (339ms)
				ProcessInitializeOnLoadMethodAttributes (30ms)
				AfterProcessingInitializeOnLoad (11ms)
				EditorAssembliesLoaded (0ms)
			ExecutionOrderSort2 (0ms)
			AwakeInstancesAfterBackupRestoration (9ms)
Platform modules already initialized, skipping
Refreshing native plugins compatible for Editor in 1.03 ms, found 0 plugins.
Preloading 0 native plugins for Editor in 0.00 ms.
Unloading 3571 Unused Serialized files (Serialized files now loaded: 0)
Unloading 126 unused Assets / (11.9 MB). Loaded Objects now: 4110.
Memory consumption went from 197.2 MB to 185.3 MB.
Total: 5.683500 ms (FindLiveObjects: 0.311300 ms CreateObjectMapping: 0.204100 ms MarkObjects: 2.904700 ms  DeleteObjects: 2.262200 ms)

AssetImportParameters requested are different than current active one (requested -> active):
  custom:video-decoder-ogg-theora: a1e56fd34408186e4bbccfd4996cb3dc -> 
  custom:container-muxer-webm: aa71ff27fc2769a1b78a27578f13a17b -> 
  custom:container-demuxer-webm: 4f35f7cbe854078d1ac9338744f61a02 -> 
  custom:video-encoder-webm-vp8: eb34c28f22e8b96e1ab97ce403110664 -> 
  custom:audio-encoder-webm-vorbis: bf7c407c2cedff20999df2af8eb42d56 -> 
  custom:framework-win-MediaFoundation: 216162199b28c13a410421893ffa2e32 -> 
  custom:container-demuxer-ogg: 62fdf1f143b41e24485cea50d1cbac27 -> 
  custom:video-decoder-webm-vp8: 9c59270c3fd7afecdb556c50c9e8de78 -> 
  custom:audio-decoder-ogg-vorbis: bf7c407c2cedff20999df2af8eb42d56 -> 
